<?xml version="1.0" encoding="UTF-8"?>
<!-- Generated by org.testng.reporters.JUnitReportReporter -->
<testsuite hostname="DESKTOP-V4U71TT" failures="0" tests="1" name="tasks_tests.task_verification" time="15.130" errors="0" timestamp="2023-04-07T11:53:05 IST" skipped="0">
  <testcase classname="tasks_tests.task_verification" name="createtask" time="15.130"/>
  <system-out/>
</testsuite> <!-- tasks_tests.task_verification -->
